#
# A fatal error has been detected by the Java Runtime Environment:
#
#  EXCEPTION_ACCESS_VIOLATION (0xc0000005) at pc=0x00007ffdec14d69a, pid=11940, tid=12484
#
# JRE version: OpenJDK Runtime Environment Temurin-17.0.2+8 (17.0.2+8) (build 17.0.2+8)
# Java VM: OpenJDK 64-Bit Server VM Temurin-17.0.2+8 (17.0.2+8, mixed mode, tiered, compressed oops, compressed class ptrs, g1 gc, windows-amd64)
# Problematic frame:
# V  [jvm.dll+0x79d69a]
#
# No core dump will be written. Minidumps are not enabled by default on client versions of Windows
#
# If you would like to submit a bug report, please visit:
#   https://github.com/adoptium/adoptium-support/issues
#

---------------  S U M M A R Y ------------

Command Line: -XX:+ShowCodeDetailsInExceptionMessages -agentlib:jdwp=transport=dt_socket,suspend=y,address=localhost:57149 -javaagent:C:\dev\eclipse-jee-2022-03-R-win32-x86_64\eclipse\configuration\org.eclipse.osgi\422\0\.cp\lib\javaagent-shaded.jar -Dfile.encoding=UTF-8 kh.study.cjy.run.Run

Host: Intel(R) Core(TM) i5-10400 CPU @ 2.90GHz, 12 cores, 31G,  Windows 10 , 64 bit Build 19041 (10.0.19041.4597)
Time: Fri Jul 12 12:02:22 2024  Windows 10 , 64 bit Build 19041 (10.0.19041.4597) elapsed time: 270.093867 seconds (0d 0h 4m 30s)

---------------  T H R E A D  ---------------

Current thread (0x00000186ae30f780):  JavaThread "JDWP Transport Listener: dt_socket" daemon [_thread_in_vm, id=12484, stack(0x0000004543100000,0x0000004543200000)]

Stack: [0x0000004543100000,0x0000004543200000],  sp=0x00000045431ff3d0,  free space=1020k
Native frames: (J=compiled Java code, j=interpreted, Vv=VM code, C=native code)
V  [jvm.dll+0x79d69a]
V  [jvm.dll+0x50842c]
V  [jvm.dll+0x4cfa94]
C  [jdwp.dll+0x22dff]


siginfo: EXCEPTION_ACCESS_VIOLATION (0xc0000005), reading address 0x00000000004b004e


Register to memory mapping:

RIP=0x00007ffdec14d69a jvm.dll
RAX=0x000000000000004c is an unknown value
RBX=0x00000186ae0cafb8 points into unknown readable memory: 0x003b6c6f72746e6f | 6f 6e 74 72 6f 6c 3b 00
RCX=0x00000000004b004a is an unknown value
RDX=0x00000186b0cfb150 points into unknown readable memory: 0x647574732f686b4c | 4c 6b 68 2f 73 74 75 64
RSP=0x00000045431ff3d0 is pointing into the stack for thread: 0x00000186ae30f780
RBP=0x00000186ae341f70 points into unknown readable memory: 0x0043005000000002 | 02 00 00 00 50 00 43 00
RSI=0x0 is NULL
RDI=0xffffffffffffffff is an unknown value
R8 =0x0000000000000071 is an unknown value
R9 =0x0000000000000040 is an unknown value
R10=0x0000000000000040 is an unknown value
R11=0x00000045431ff3f0 is pointing into the stack for thread: 0x00000186ae30f780
R12=0x00000045431ff528 is pointing into the stack for thread: 0x00000186ae30f780
R13=0x0 is NULL
R14=0x0000000800107780 is a pointer to class: 
kh.study.cjy.control.SelfStudyControl {0x0000000800107788}
 - instance size:     2
 - klass size:        78
 - access:            public synchronized 
 - state:             fully_initialized
 - name:              'kh/study/cjy/control/SelfStudyControl'
 - super:             'java/lang/Object'
 - sub:               
 - arrays:            NULL
 - methods:           Array<T>(0x00000186af467de0)
 - method ordering:   Array<T>(0x00000186b31535c0)
 - default_methods:   Array<T>(0x00000186af0541f0)
 - default vtable indices:   Array<T>(0x00000186af054200)
 - local interfaces:  Array<T>(0x00000186af053cb0)
 - trans. interfaces: Array<T>(0x00000186af053cb0)
 - constants:         constant pool [78] {0x00000186af050378} for 'kh/study/cjy/control/SelfStudyControl' cache=0x00000186af267e58
 - class loader data:  loader data: 0x00000186ae170fb0 for instance a 'jdk/internal/loader/ClassLoaders$AppClassLoader'{0x0000000602801478}
 - source file:       'SelfStudyControl.java'
 - source debug extension:       SMAP
SelfStudyControl.java
Java
*S jdt
*F
1 SelfStudyControl.java
2 file:/D:/workspace/project/1_java/SelfStudy/bin/
*L
*E

 - class annotations:       Array<T>(0x0000000000000000)
 - class type annotations:  Array<T>(0x0000000000000000)
 - field annotations:       Array<T>(0x0000000000000000)
 - field type annotations:  Array<T>(0x0000000000000000)
 - generic signature: '
[error occurred during error reporting (printing register info), id 0xc0000005, EXCEPTION_ACCESS_VIOLATION (0xc0000005) at pc=0x00007ffdec14e2a6]

Registers:
RAX=0x000000000000004c, RBX=0x00000186ae0cafb8, RCX=0x00000000004b004a, RDX=0x00000186b0cfb150
RSP=0x00000045431ff3d0, RBP=0x00000186ae341f70, RSI=0x0000000000000000, RDI=0xffffffffffffffff
R8 =0x0000000000000071, R9 =0x0000000000000040, R10=0x0000000000000040, R11=0x00000045431ff3f0
R12=0x00000045431ff528, R13=0x0000000000000000, R14=0x0000000800107780, R15=0x00000045431ff550
RIP=0x00007ffdec14d69a, EFLAGS=0x0000000000010202

Top of Stack: (sp=0x00000045431ff3d0)
0x00000045431ff3d0:   0000000000000025 0000000800107780
0x00000045431ff3e0:   00000186b0cfab20 00007ffe607147b1
0x00000045431ff3f0:   ffffffffffffffff 00007ffdebeb842c
0x00000045431ff400:   00000186ae0cafb8 00000186ae0caf90
0x00000045431ff410:   00000186ae341f70 00007ffdebebaf4d
0x00000045431ff420:   00000186ae0caf50 00000000000003d8
0x00000045431ff430:   00000186ae0caf60 00000186ae0cb338
0x00000045431ff440:   0000000000005f01 00000045431ff528
0x00000045431ff450:   0000000000000007 00000186ae30fa28
0x00000045431ff460:   00000006028053b0 00007ffdebe7fa94
0x00000045431ff470:   00000186ae30f780 00000045431ff550
0x00000045431ff480:   0000018682f542f0 00000045431ff550
0x00000045431ff490:   00000186ae30f780 0000000000000000
0x00000045431ff4a0:   0000000000000000 0000000000000000
0x00000045431ff4b0:   00000186ae3593d8 00007ffe574d2dff
0x00000045431ff4c0:   00000045431ff548 00007ffe574e1aa0 

Instructions: (pc=0x00007ffdec14d69a)
0x00007ffdec14d59a:   48 83 c4 20 5f e9 4c 8d 90 ff cc cc cc cc cc cc
0x00007ffdec14d5aa:   cc cc cc cc cc cc 48 89 5c 24 08 57 48 83 ec 20
0x00007ffdec14d5ba:   83 fa 02 8d 42 06 b9 08 00 00 00 49 8b d8 0f 4e
0x00007ffdec14d5ca:   c1 48 63 c8 48 83 c1 07 83 e1 f8 48 63 f9 49 8b
0x00007ffdec14d5da:   48 18 48 8b c7 48 f7 d0 48 3b c1 73 16 4c 8d 05
0x00007ffdec14d5ea:   da 4c 17 00 48 8b d7 48 8b cb e8 57 f0 90 ff 48
0x00007ffdec14d5fa:   8b 4b 18 48 8d 04 39 48 3b 43 20 76 18 45 33 c0
0x00007ffdec14d60a:   48 8b d7 48 8b cb 48 8b 5c 24 30 48 83 c4 20 5f
0x00007ffdec14d61a:   e9 b1 ec 90 ff 48 89 43 18 48 8b c1 48 8b 5c 24
0x00007ffdec14d62a:   30 48 83 c4 20 5f c3 cc cc cc cc cc cc cc cc cc
0x00007ffdec14d63a:   cc cc cc cc cc cc 4c 8b d2 4c 8b d9 45 85 c0 7e
0x00007ffdec14d64a:   3c 44 0f b7 49 04 41 8d 40 ff 41 3b c1 44 0f 4c
0x00007ffdec14d65a:   c8 4d 63 c1 45 85 c9 7e 1f 48 8b c2 4c 2b da 49
0x00007ffdec14d66a:   8b d0 0f 1f 40 00 41 0f b6 4c 03 06 88 08 48 8d
0x00007ffdec14d67a:   40 01 48 83 ea 01 75 ee 43 c6 04 10 00 49 8b c2
0x00007ffdec14d68a:   c3 cc cc cc cc cc 48 89 5c 24 08 57 48 83 ec 20
0x00007ffdec14d69a:   0f b7 59 04 48 8b f9 33 d2 48 8d 4b 01 e8 84 df
0x00007ffdec14d6aa:   f2 ff 0f b7 57 04 4c 8b c0 3b da 0f 42 d3 44 8b
0x00007ffdec14d6ba:   ca 85 d2 74 39 48 2b f8 0f 1f 40 00 66 66 0f 1f
0x00007ffdec14d6ca:   84 00 00 00 00 00 0f b6 4c 07 06 88 08 48 ff c0
0x00007ffdec14d6da:   48 8b c8 49 2b c8 49 3b c9 7c eb 42 c6 04 02 00
0x00007ffdec14d6ea:   49 8b c0 48 8b 5c 24 30 48 83 c4 20 5f c3 48 8b
0x00007ffdec14d6fa:   5c 24 30 c6 04 02 00 48 83 c4 20 5f c3 cc cc cc
0x00007ffdec14d70a:   cc cc cc cc cc cc 4c 8b d1 45 85 c0 7e 6c 44 0f
0x00007ffdec14d71a:   b7 49 04 41 8d 40 ff 41 3b c1 44 0f 4c c8 4d 63
0x00007ffdec14d72a:   d9 45 85 c9 7e 22 48 8b ca 4c 2b d2 4d 8b c3 0f
0x00007ffdec14d73a:   1f 80 00 00 00 00 41 0f b6 44 0a 06 88 01 48 8d
0x00007ffdec14d74a:   49 01 49 83 e8 01 75 ee 41 c6 04 13 00 48 c7 c0
0x00007ffdec14d75a:   ff ff ff ff 66 90 48 ff c0 80 3c 02 00 75 f7 48
0x00007ffdec14d76a:   63 c8 85 c0 48 8b c2 7e 14 80 38 2f 75 03 c6 00
0x00007ffdec14d77a:   2e 48 ff c0 48 83 e9 01 75 ef 48 8b c2 c3 cc cc
0x00007ffdec14d78a:   cc cc cc cc cc cc 48 83 ec 28 e8 f7 fe ff ff 4c 


Stack slot to memory mapping:
stack at sp + 0 slots: 0x0000000000000025 is an unknown value
stack at sp + 1 slots: 0x0000000800107780 is a pointer to class: 
kh.study.cjy.control.SelfStudyControl {0x0000000800107788}
 - instance size:     2
 - klass size:        78
 - access:            public synchronized 
 - state:             fully_initialized
 - name:              'kh/study/cjy/control/SelfStudyControl'
 - super:             'java/lang/Object'
 - sub:               
 - arrays:            NULL
 - methods:           Array<T>(0x00000186af467de0)
 - method ordering:   Array<T>(0x00000186b31535c0)
 - default_methods:   Array<T>(0x00000186af0541f0)
 - default vtable indices:   Array<T>(0x00000186af054200)
 - local interfaces:  Array<T>(0x00000186af053cb0)
 - trans. interfaces: Array<T>(0x00000186af053cb0)
 - constants:         constant pool [78] {0x00000186af050378} for 'kh/study/cjy/control/SelfStudyControl' cache=0x00000186af267e58
 - class loader data:  loader data: 0x00000186ae170fb0 for instance a 'jdk/internal/loader/ClassLoaders$AppClassLoader'{0x0000000602801478}
 - source file:       'SelfStudyControl.java'
 - source debug extension:       SMAP
SelfStudyControl.java
Java
*S jdt
*F
1 SelfStudyControl.java
2 file:/D:/workspace/project/1_java/SelfStudy/bin/
*L
*E

 - class annotations:       Array<T>(0x0000000000000000)
 - class type annotations:  Array<T>(0x0000000000000000)
 - field annotations:       Array<T>(0x0000000000000000)
 - field type annotations:  Array<T>(0x0000000000000000)
 - generic signature: '
[error occurred during error reporting (inspecting top of stack), id 0xc0000005, EXCEPTION_ACCESS_VIOLATION (0xc0000005) at pc=0x00007ffdec14e2a6]


---------------  P R O C E S S  ---------------

Threads class SMR info:
_java_thread_list=0x00000186afc8af80, length=17, elements={
0x00000186ae030340, 0x00000186ae0311b0, 0x00000186ae07d3b0, 0x00000186ae0912d0,
0x00000186ae0ae7b0, 0x00000186ae0af070, 0x00000186ae0b1360, 0x00000186ae0b1e00,
0x00000186ae0b27f0, 0x00000186ae233910, 0x00000186ae30f780, 0x00000186ae381bc0,
0x00000186ae384440, 0x00000186ae232f70, 0x00000186ae235ac0, 0x00000186ae234780,
0x00000186ae2355f0
}

Java Threads: ( => current thread )
  0x00000186ae030340 JavaThread "Reference Handler" daemon [_thread_blocked, id=10028, stack(0x0000004542700000,0x0000004542800000)]
  0x00000186ae0311b0 JavaThread "Finalizer" daemon [_thread_blocked, id=11992, stack(0x0000004542800000,0x0000004542900000)]
  0x00000186ae07d3b0 JavaThread "Signal Dispatcher" daemon [_thread_blocked, id=8940, stack(0x0000004542900000,0x0000004542a00000)]
  0x00000186ae0912d0 JavaThread "Attach Listener" daemon [_thread_blocked, id=8920, stack(0x0000004542a00000,0x0000004542b00000)]
  0x00000186ae0ae7b0 JavaThread "Service Thread" daemon [_thread_blocked, id=9696, stack(0x0000004542b00000,0x0000004542c00000)]
  0x00000186ae0af070 JavaThread "Monitor Deflation Thread" daemon [_thread_blocked, id=10408, stack(0x0000004542c00000,0x0000004542d00000)]
  0x00000186ae0b1360 JavaThread "C2 CompilerThread0" daemon [_thread_blocked, id=15356, stack(0x0000004542d00000,0x0000004542e00000)]
  0x00000186ae0b1e00 JavaThread "C1 CompilerThread0" daemon [_thread_blocked, id=2300, stack(0x0000004542e00000,0x0000004542f00000)]
  0x00000186ae0b27f0 JavaThread "Sweeper thread" daemon [_thread_blocked, id=11960, stack(0x0000004542f00000,0x0000004543000000)]
  0x00000186ae233910 JavaThread "Common-Cleaner" daemon [_thread_blocked, id=12260, stack(0x0000004543000000,0x0000004543100000)]
=>0x00000186ae30f780 JavaThread "JDWP Transport Listener: dt_socket" daemon [_thread_in_vm, id=12484, stack(0x0000004543100000,0x0000004543200000)]
  0x00000186ae381bc0 JavaThread "JDWP Event Helper Thread" daemon [_thread_blocked, id=824, stack(0x0000004543200000,0x0000004543300000)]
  0x00000186ae384440 JavaThread "JDWP Command Reader" daemon [_thread_in_native, id=9120, stack(0x0000004543300000,0x0000004543400000)]
  0x00000186ae232f70 JavaThread "Notification Thread" daemon [_thread_blocked, id=13520, stack(0x0000004543400000,0x0000004543500000)]
  0x00000186ae235ac0 JavaThread "Thread-0" [_thread_blocked, id=2860, stack(0x0000004543600000,0x0000004543700000)]
  0x00000186ae234780 JavaThread "mysql-cj-abandoned-connection-cleanup" daemon [_thread_blocked, id=10532, stack(0x0000004543700000,0x0000004543800000)]
  0x00000186ae2355f0 JavaThread "DestroyJavaVM" [_thread_blocked, id=4112, stack(0x0000004542000000,0x0000004542100000)]

Other Threads:
  0x00000186ad689d10 VMThread "VM Thread" [stack: 0x0000004542600000,0x0000004542700000] [id=6688]
  0x00000186aea736c0 WatcherThread [stack: 0x0000004543500000,0x0000004543600000] [id=8368]
  0x0000018682fdc250 GCTaskThread "GC Thread#0" [stack: 0x0000004542100000,0x0000004542200000] [id=8232]
  0x00000186aec67ed0 GCTaskThread "GC Thread#1" [stack: 0x0000004543a00000,0x0000004543b00000] [id=8352]
  0x00000186aee8b4f0 GCTaskThread "GC Thread#2" [stack: 0x0000004543b00000,0x0000004543c00000] [id=11420]
  0x00000186af856ab0 GCTaskThread "GC Thread#3" [stack: 0x0000004543c00000,0x0000004543d00000] [id=6440]
  0x00000186af8bc580 GCTaskThread "GC Thread#4" [stack: 0x0000004543d00000,0x0000004543e00000] [id=8052]
  0x00000186af8bc2d0 GCTaskThread "GC Thread#5" [stack: 0x0000004543e00000,0x0000004543f00000] [id=6388]
  0x00000186af8bd040 GCTaskThread "GC Thread#6" [stack: 0x0000004543f00000,0x0000004544000000] [id=14064]
  0x00000186af8bcd90 GCTaskThread "GC Thread#7" [stack: 0x0000004544000000,0x0000004544100000] [id=6204]
  0x00000186af8bc830 GCTaskThread "GC Thread#8" [stack: 0x0000004544100000,0x0000004544200000] [id=9876]
  0x00000186af8bd2f0 GCTaskThread "GC Thread#9" [stack: 0x0000004544200000,0x0000004544300000] [id=1920]
  0x0000018682fed7f0 ConcurrentGCThread "G1 Main Marker" [stack: 0x0000004542200000,0x0000004542300000] [id=6704]
  0x0000018682fef210 ConcurrentGCThread "G1 Conc#0" [stack: 0x0000004542300000,0x0000004542400000] [id=3228]
  0x000001868303d8b0 ConcurrentGCThread "G1 Refine#0" [stack: 0x0000004542400000,0x0000004542500000] [id=6376]
  0x000001868303e2d0 ConcurrentGCThread "G1 Service" [stack: 0x0000004542500000,0x0000004542600000] [id=13140]

Threads with active compile tasks:

VM state: not at safepoint (normal execution)

VM Mutex/Monitor currently owned by a thread: None

Heap address: 0x0000000602800000, size: 8152 MB, Compressed Oops mode: Zero based, Oop shift amount: 3

CDS archive(s) not mapped
Compressed class space mapped at: 0x0000000800000000-0x0000000840000000, reserved size: 1073741824
Narrow klass base: 0x0000000800000000, Narrow klass shift: 0, Narrow klass range: 0x40000000

GC Precious Log:
 CPUs: 12 total, 12 available
 Memory: 32606M
 Large Page Support: Disabled
 NUMA Support: Disabled
 Compressed Oops: Enabled (Zero based)
 Heap Region Size: 4M
 Heap Min Capacity: 8M
 Heap Initial Capacity: 512M
 Heap Max Capacity: 8152M
 Pre-touch: Disabled
 Parallel Workers: 10
 Concurrent Workers: 3
 Concurrent Refinement Workers: 10
 Periodic GC: Disabled

Heap:
 garbage-first heap   total 524288K, used 17213K [0x0000000602800000, 0x0000000800000000)
  region size 4096K, 5 young (20480K), 1 survivors (4096K)
 Metaspace       used 20434K, committed 20608K, reserved 1073152K
  class space    used 1966K, committed 2048K, reserved 1048576K

Heap Regions: E=young(eden), S=young(survivor), O=old, HS=humongous(starts), HC=humongous(continues), CS=collection set, F=free, OA=open archive, CA=closed archive, TAMS=top-at-mark-start (previous, next)
|   0|0x0000000602800000, 0x0000000602b35000, 0x0000000602c00000| 80%| O|  |TAMS 0x0000000602800000, 0x0000000602800000| Untracked 
|   1|0x0000000602c00000, 0x0000000602c00000, 0x0000000603000000|  0%| F|  |TAMS 0x0000000602c00000, 0x0000000602c00000| Untracked 
|   2|0x0000000603000000, 0x0000000603000000, 0x0000000603400000|  0%| F|  |TAMS 0x0000000603000000, 0x0000000603000000| Untracked 
|   3|0x0000000603400000, 0x0000000603400000, 0x0000000603800000|  0%| F|  |TAMS 0x0000000603400000, 0x0000000603400000| Untracked 
|   4|0x0000000603800000, 0x0000000603800000, 0x0000000603c00000|  0%| F|  |TAMS 0x0000000603800000, 0x0000000603800000| Untracked 
|   5|0x0000000603c00000, 0x0000000603c00000, 0x0000000604000000|  0%| F|  |TAMS 0x0000000603c00000, 0x0000000603c00000| Untracked 
|   6|0x0000000604000000, 0x0000000604000000, 0x0000000604400000|  0%| F|  |TAMS 0x0000000604000000, 0x0000000604000000| Untracked 
|   7|0x0000000604400000, 0x0000000604400000, 0x0000000604800000|  0%| F|  |TAMS 0x0000000604400000, 0x0000000604400000| Untracked 
|   8|0x0000000604800000, 0x0000000604800000, 0x0000000604c00000|  0%| F|  |TAMS 0x0000000604800000, 0x0000000604800000| Untracked 
|   9|0x0000000604c00000, 0x0000000604c00000, 0x0000000605000000|  0%| F|  |TAMS 0x0000000604c00000, 0x0000000604c00000| Untracked 
|  10|0x0000000605000000, 0x0000000605000000, 0x0000000605400000|  0%| F|  |TAMS 0x0000000605000000, 0x0000000605000000| Untracked 
|  11|0x0000000605400000, 0x0000000605400000, 0x0000000605800000|  0%| F|  |TAMS 0x0000000605400000, 0x0000000605400000| Untracked 
|  12|0x0000000605800000, 0x0000000605800000, 0x0000000605c00000|  0%| F|  |TAMS 0x0000000605800000, 0x0000000605800000| Untracked 
|  13|0x0000000605c00000, 0x0000000605c00000, 0x0000000606000000|  0%| F|  |TAMS 0x0000000605c00000, 0x0000000605c00000| Untracked 
|  14|0x0000000606000000, 0x0000000606000000, 0x0000000606400000|  0%| F|  |TAMS 0x0000000606000000, 0x0000000606000000| Untracked 
|  15|0x0000000606400000, 0x0000000606400000, 0x0000000606800000|  0%| F|  |TAMS 0x0000000606400000, 0x0000000606400000| Untracked 
|  16|0x0000000606800000, 0x0000000606800000, 0x0000000606c00000|  0%| F|  |TAMS 0x0000000606800000, 0x0000000606800000| Untracked 
|  17|0x0000000606c00000, 0x0000000606c00000, 0x0000000607000000|  0%| F|  |TAMS 0x0000000606c00000, 0x0000000606c00000| Untracked 
|  18|0x0000000607000000, 0x0000000607000000, 0x0000000607400000|  0%| F|  |TAMS 0x0000000607000000, 0x0000000607000000| Untracked 
|  19|0x0000000607400000, 0x0000000607400000, 0x0000000607800000|  0%| F|  |TAMS 0x0000000607400000, 0x0000000607400000| Untracked 
|  20|0x0000000607800000, 0x0000000607800000, 0x0000000607c00000|  0%| F|  |TAMS 0x0000000607800000, 0x0000000607800000| Untracked 
|  21|0x0000000607c00000, 0x0000000607c00000, 0x0000000608000000|  0%| F|  |TAMS 0x0000000607c00000, 0x0000000607c00000| Untracked 
|  22|0x0000000608000000, 0x0000000608000000, 0x0000000608400000|  0%| F|  |TAMS 0x0000000608000000, 0x0000000608000000| Untracked 
|  23|0x0000000608400000, 0x0000000608400000, 0x0000000608800000|  0%| F|  |TAMS 0x0000000608400000, 0x0000000608400000| Untracked 
|  24|0x0000000608800000, 0x0000000608800000, 0x0000000608c00000|  0%| F|  |TAMS 0x0000000608800000, 0x0000000608800000| Untracked 
|  25|0x0000000608c00000, 0x0000000608c00000, 0x0000000609000000|  0%| F|  |TAMS 0x0000000608c00000, 0x0000000608c00000| Untracked 
|  26|0x0000000609000000, 0x0000000609000000, 0x0000000609400000|  0%| F|  |TAMS 0x0000000609000000, 0x0000000609000000| Untracked 
|  27|0x0000000609400000, 0x0000000609400000, 0x0000000609800000|  0%| F|  |TAMS 0x0000000609400000, 0x0000000609400000| Untracked 
|  28|0x0000000609800000, 0x0000000609800000, 0x0000000609c00000|  0%| F|  |TAMS 0x0000000609800000, 0x0000000609800000| Untracked 
|  29|0x0000000609c00000, 0x0000000609c00000, 0x000000060a000000|  0%| F|  |TAMS 0x0000000609c00000, 0x0000000609c00000| Untracked 
|  30|0x000000060a000000, 0x000000060a000000, 0x000000060a400000|  0%| F|  |TAMS 0x000000060a000000, 0x000000060a000000| Untracked 
|  31|0x000000060a400000, 0x000000060a400000, 0x000000060a800000|  0%| F|  |TAMS 0x000000060a400000, 0x000000060a400000| Untracked 
|  32|0x000000060a800000, 0x000000060a800000, 0x000000060ac00000|  0%| F|  |TAMS 0x000000060a800000, 0x000000060a800000| Untracked 
|  33|0x000000060ac00000, 0x000000060ac00000, 0x000000060b000000|  0%| F|  |TAMS 0x000000060ac00000, 0x000000060ac00000| Untracked 
|  34|0x000000060b000000, 0x000000060b000000, 0x000000060b400000|  0%| F|  |TAMS 0x000000060b000000, 0x000000060b000000| Untracked 
|  35|0x000000060b400000, 0x000000060b400000, 0x000000060b800000|  0%| F|  |TAMS 0x000000060b400000, 0x000000060b400000| Untracked 
|  36|0x000000060b800000, 0x000000060b800000, 0x000000060bc00000|  0%| F|  |TAMS 0x000000060b800000, 0x000000060b800000| Untracked 
|  37|0x000000060bc00000, 0x000000060bc00000, 0x000000060c000000|  0%| F|  |TAMS 0x000000060bc00000, 0x000000060bc00000| Untracked 
|  38|0x000000060c000000, 0x000000060c000000, 0x000000060c400000|  0%| F|  |TAMS 0x000000060c000000, 0x000000060c000000| Untracked 
|  39|0x000000060c400000, 0x000000060c400000, 0x000000060c800000|  0%| F|  |TAMS 0x000000060c400000, 0x000000060c400000| Untracked 
|  40|0x000000060c800000, 0x000000060c800000, 0x000000060cc00000|  0%| F|  |TAMS 0x000000060c800000, 0x000000060c800000| Untracked 
|  41|0x000000060cc00000, 0x000000060cc00000, 0x000000060d000000|  0%| F|  |TAMS 0x000000060cc00000, 0x000000060cc00000| Untracked 
|  42|0x000000060d000000, 0x000000060d000000, 0x000000060d400000|  0%| F|  |TAMS 0x000000060d000000, 0x000000060d000000| Untracked 
|  43|0x000000060d400000, 0x000000060d400000, 0x000000060d800000|  0%| F|  |TAMS 0x000000060d400000, 0x000000060d400000| Untracked 
|  44|0x000000060d800000, 0x000000060d800000, 0x000000060dc00000|  0%| F|  |TAMS 0x000000060d800000, 0x000000060d800000| Untracked 
|  45|0x000000060dc00000, 0x000000060dc00000, 0x000000060e000000|  0%| F|  |TAMS 0x000000060dc00000, 0x000000060dc00000| Untracked 
|  46|0x000000060e000000, 0x000000060e000000, 0x000000060e400000|  0%| F|  |TAMS 0x000000060e000000, 0x000000060e000000| Untracked 
|  47|0x000000060e400000, 0x000000060e400000, 0x000000060e800000|  0%| F|  |TAMS 0x000000060e400000, 0x000000060e400000| Untracked 
|  48|0x000000060e800000, 0x000000060e800000, 0x000000060ec00000|  0%| F|  |TAMS 0x000000060e800000, 0x000000060e800000| Untracked 
|  49|0x000000060ec00000, 0x000000060ec00000, 0x000000060f000000|  0%| F|  |TAMS 0x000000060ec00000, 0x000000060ec00000| Untracked 
|  50|0x000000060f000000, 0x000000060f000000, 0x000000060f400000|  0%| F|  |TAMS 0x000000060f000000, 0x000000060f000000| Untracked 
|  51|0x000000060f400000, 0x000000060f400000, 0x000000060f800000|  0%| F|  |TAMS 0x000000060f400000, 0x000000060f400000| Untracked 
|  52|0x000000060f800000, 0x000000060f800000, 0x000000060fc00000|  0%| F|  |TAMS 0x000000060f800000, 0x000000060f800000| Untracked 
|  53|0x000000060fc00000, 0x000000060fc00000, 0x0000000610000000|  0%| F|  |TAMS 0x000000060fc00000, 0x000000060fc00000| Untracked 
|  54|0x0000000610000000, 0x0000000610000000, 0x0000000610400000|  0%| F|  |TAMS 0x0000000610000000, 0x0000000610000000| Untracked 
|  55|0x0000000610400000, 0x0000000610400000, 0x0000000610800000|  0%| F|  |TAMS 0x0000000610400000, 0x0000000610400000| Untracked 
|  56|0x0000000610800000, 0x0000000610800000, 0x0000000610c00000|  0%| F|  |TAMS 0x0000000610800000, 0x0000000610800000| Untracked 
|  57|0x0000000610c00000, 0x0000000610c00000, 0x0000000611000000|  0%| F|  |TAMS 0x0000000610c00000, 0x0000000610c00000| Untracked 
|  58|0x0000000611000000, 0x0000000611000000, 0x0000000611400000|  0%| F|  |TAMS 0x0000000611000000, 0x0000000611000000| Untracked 
|  59|0x0000000611400000, 0x0000000611400000, 0x0000000611800000|  0%| F|  |TAMS 0x0000000611400000, 0x0000000611400000| Untracked 
|  60|0x0000000611800000, 0x0000000611800000, 0x0000000611c00000|  0%| F|  |TAMS 0x0000000611800000, 0x0000000611800000| Untracked 
|  61|0x0000000611c00000, 0x0000000611c00000, 0x0000000612000000|  0%| F|  |TAMS 0x0000000611c00000, 0x0000000611c00000| Untracked 
|  62|0x0000000612000000, 0x0000000612000000, 0x0000000612400000|  0%| F|  |TAMS 0x0000000612000000, 0x0000000612000000| Untracked 
|  63|0x0000000612400000, 0x0000000612400000, 0x0000000612800000|  0%| F|  |TAMS 0x0000000612400000, 0x0000000612400000| Untracked 
|  64|0x0000000612800000, 0x0000000612800000, 0x0000000612c00000|  0%| F|  |TAMS 0x0000000612800000, 0x0000000612800000| Untracked 
|  65|0x0000000612c00000, 0x0000000612c00000, 0x0000000613000000|  0%| F|  |TAMS 0x0000000612c00000, 0x0000000612c00000| Untracked 
|  66|0x0000000613000000, 0x0000000613000000, 0x0000000613400000|  0%| F|  |TAMS 0x0000000613000000, 0x0000000613000000| Untracked 
|  67|0x0000000613400000, 0x0000000613400000, 0x0000000613800000|  0%| F|  |TAMS 0x0000000613400000, 0x0000000613400000| Untracked 
|  68|0x0000000613800000, 0x0000000613800000, 0x0000000613c00000|  0%| F|  |TAMS 0x0000000613800000, 0x0000000613800000| Untracked 
|  69|0x0000000613c00000, 0x0000000613c00000, 0x0000000614000000|  0%| F|  |TAMS 0x0000000613c00000, 0x0000000613c00000| Untracked 
|  70|0x0000000614000000, 0x0000000614000000, 0x0000000614400000|  0%| F|  |TAMS 0x0000000614000000, 0x0000000614000000| Untracked 
|  71|0x0000000614400000, 0x0000000614400000, 0x0000000614800000|  0%| F|  |TAMS 0x0000000614400000, 0x0000000614400000| Untracked 
|  72|0x0000000614800000, 0x0000000614800000, 0x0000000614c00000|  0%| F|  |TAMS 0x0000000614800000, 0x0000000614800000| Untracked 
|  73|0x0000000614c00000, 0x0000000614c00000, 0x0000000615000000|  0%| F|  |TAMS 0x0000000614c00000, 0x0000000614c00000| Untracked 
|  74|0x0000000615000000, 0x0000000615000000, 0x0000000615400000|  0%| F|  |TAMS 0x0000000615000000, 0x0000000615000000| Untracked 
|  75|0x0000000615400000, 0x0000000615400000, 0x0000000615800000|  0%| F|  |TAMS 0x0000000615400000, 0x0000000615400000| Untracked 
|  76|0x0000000615800000, 0x0000000615800000, 0x0000000615c00000|  0%| F|  |TAMS 0x0000000615800000, 0x0000000615800000| Untracked 
|  77|0x0000000615c00000, 0x0000000615c00000, 0x0000000616000000|  0%| F|  |TAMS 0x0000000615c00000, 0x0000000615c00000| Untracked 
|  78|0x0000000616000000, 0x0000000616000000, 0x0000000616400000|  0%| F|  |TAMS 0x0000000616000000, 0x0000000616000000| Untracked 
|  79|0x0000000616400000, 0x0000000616400000, 0x0000000616800000|  0%| F|  |TAMS 0x0000000616400000, 0x0000000616400000| Untracked 
|  80|0x0000000616800000, 0x0000000616800000, 0x0000000616c00000|  0%| F|  |TAMS 0x0000000616800000, 0x0000000616800000| Untracked 
|  81|0x0000000616c00000, 0x0000000616c00000, 0x0000000617000000|  0%| F|  |TAMS 0x0000000616c00000, 0x0000000616c00000| Untracked 
|  82|0x0000000617000000, 0x0000000617000000, 0x0000000617400000|  0%| F|  |TAMS 0x0000000617000000, 0x0000000617000000| Untracked 
|  83|0x0000000617400000, 0x0000000617400000, 0x0000000617800000|  0%| F|  |TAMS 0x0000000617400000, 0x0000000617400000| Untracked 
|  84|0x0000000617800000, 0x0000000617800000, 0x0000000617c00000|  0%| F|  |TAMS 0x0000000617800000, 0x0000000617800000| Untracked 
|  85|0x0000000617c00000, 0x0000000617c00000, 0x0000000618000000|  0%| F|  |TAMS 0x0000000617c00000, 0x0000000617c00000| Untracked 
|  86|0x0000000618000000, 0x0000000618000000, 0x0000000618400000|  0%| F|  |TAMS 0x0000000618000000, 0x0000000618000000| Untracked 
|  87|0x0000000618400000, 0x0000000618400000, 0x0000000618800000|  0%| F|  |TAMS 0x0000000618400000, 0x0000000618400000| Untracked 
|  88|0x0000000618800000, 0x0000000618800000, 0x0000000618c00000|  0%| F|  |TAMS 0x0000000618800000, 0x0000000618800000| Untracked 
|  89|0x0000000618c00000, 0x0000000618c00000, 0x0000000619000000|  0%| F|  |TAMS 0x0000000618c00000, 0x0000000618c00000| Untracked 
|  90|0x0000000619000000, 0x0000000619000000, 0x0000000619400000|  0%| F|  |TAMS 0x0000000619000000, 0x0000000619000000| Untracked 
|  91|0x0000000619400000, 0x0000000619400000, 0x0000000619800000|  0%| F|  |TAMS 0x0000000619400000, 0x0000000619400000| Untracked 
|  92|0x0000000619800000, 0x0000000619800000, 0x0000000619c00000|  0%| F|  |TAMS 0x0000000619800000, 0x0000000619800000| Untracked 
|  93|0x0000000619c00000, 0x0000000619c00000, 0x000000061a000000|  0%| F|  |TAMS 0x0000000619c00000, 0x0000000619c00000| Untracked 
|  94|0x000000061a000000, 0x000000061a000000, 0x000000061a400000|  0%| F|  |TAMS 0x000000061a000000, 0x000000061a000000| Untracked 
|  95|0x000000061a400000, 0x000000061a400000, 0x000000061a800000|  0%| F|  |TAMS 0x000000061a400000, 0x000000061a400000| Untracked 
|  96|0x000000061a800000, 0x000000061a800000, 0x000000061ac00000|  0%| F|  |TAMS 0x000000061a800000, 0x000000061a800000| Untracked 
|  97|0x000000061ac00000, 0x000000061ac00000, 0x000000061b000000|  0%| F|  |TAMS 0x000000061ac00000, 0x000000061ac00000| Untracked 
|  98|0x000000061b000000, 0x000000061b000000, 0x000000061b400000|  0%| F|  |TAMS 0x000000061b000000, 0x000000061b000000| Untracked 
|  99|0x000000061b400000, 0x000000061b400000, 0x000000061b800000|  0%| F|  |TAMS 0x000000061b400000, 0x000000061b400000| Untracked 
| 100|0x000000061b800000, 0x000000061b800000, 0x000000061bc00000|  0%| F|  |TAMS 0x000000061b800000, 0x000000061b800000| Untracked 
| 101|0x000000061bc00000, 0x000000061bc00000, 0x000000061c000000|  0%| F|  |TAMS 0x000000061bc00000, 0x000000061bc00000| Untracked 
| 102|0x000000061c000000, 0x000000061c000000, 0x000000061c400000|  0%| F|  |TAMS 0x000000061c000000, 0x000000061c000000| Untracked 
| 103|0x000000061c400000, 0x000000061c400000, 0x000000061c800000|  0%| F|  |TAMS 0x000000061c400000, 0x000000061c400000| Untracked 
| 104|0x000000061c800000, 0x000000061c800000, 0x000000061cc00000|  0%| F|  |TAMS 0x000000061c800000, 0x000000061c800000| Untracked 
| 105|0x000000061cc00000, 0x000000061cc00000, 0x000000061d000000|  0%| F|  |TAMS 0x000000061cc00000, 0x000000061cc00000| Untracked 
| 106|0x000000061d000000, 0x000000061d000000, 0x000000061d400000|  0%| F|  |TAMS 0x000000061d000000, 0x000000061d000000| Untracked 
| 107|0x000000061d400000, 0x000000061d400000, 0x000000061d800000|  0%| F|  |TAMS 0x000000061d400000, 0x000000061d400000| Untracked 
| 108|0x000000061d800000, 0x000000061d800000, 0x000000061dc00000|  0%| F|  |TAMS 0x000000061d800000, 0x000000061d800000| Untracked 
| 109|0x000000061dc00000, 0x000000061dc00000, 0x000000061e000000|  0%| F|  |TAMS 0x000000061dc00000, 0x000000061dc00000| Untracked 
| 110|0x000000061e000000, 0x000000061e000000, 0x000000061e400000|  0%| F|  |TAMS 0x000000061e000000, 0x000000061e000000| Untracked 
| 111|0x000000061e400000, 0x000000061e400000, 0x000000061e800000|  0%| F|  |TAMS 0x000000061e400000, 0x000000061e400000| Untracked 
| 112|0x000000061e800000, 0x000000061e800000, 0x000000061ec00000|  0%| F|  |TAMS 0x000000061e800000, 0x000000061e800000| Untracked 
| 113|0x000000061ec00000, 0x000000061ec00000, 0x000000061f000000|  0%| F|  |TAMS 0x000000061ec00000, 0x000000061ec00000| Untracked 
| 114|0x000000061f000000, 0x000000061f000000, 0x000000061f400000|  0%| F|  |TAMS 0x000000061f000000, 0x000000061f000000| Untracked 
| 115|0x000000061f400000, 0x000000061f400000, 0x000000061f800000|  0%| F|  |TAMS 0x000000061f400000, 0x000000061f400000| Untracked 
| 116|0x000000061f800000, 0x000000061f800000, 0x000000061fc00000|  0%| F|  |TAMS 0x000000061f800000, 0x000000061f800000| Untracked 
| 117|0x000000061fc00000, 0x000000061fc00000, 0x0000000620000000|  0%| F|  |TAMS 0x000000061fc00000, 0x000000061fc00000| Untracked 
| 118|0x0000000620000000, 0x0000000620000000, 0x0000000620400000|  0%| F|  |TAMS 0x0000000620000000, 0x0000000620000000| Untracked 
| 119|0x0000000620400000, 0x0000000620400000, 0x0000000620800000|  0%| F|  |TAMS 0x0000000620400000, 0x0000000620400000| Untracked 
| 120|0x0000000620800000, 0x000000062099a578, 0x0000000620c00000| 40%| S|CS|TAMS 0x0000000620800000, 0x0000000620800000| Complete 
| 121|0x0000000620c00000, 0x0000000620c00000, 0x0000000621000000|  0%| F|  |TAMS 0x0000000620c00000, 0x0000000620c00000| Untracked 
| 122|0x0000000621000000, 0x0000000621000000, 0x0000000621400000|  0%| F|  |TAMS 0x0000000621000000, 0x0000000621000000| Untracked 
| 123|0x0000000621400000, 0x0000000621400000, 0x0000000621800000|  0%| F|  |TAMS 0x0000000621400000, 0x0000000621400000| Untracked 
| 124|0x0000000621800000, 0x0000000621870908, 0x0000000621c00000| 10%| E|  |TAMS 0x0000000621800000, 0x0000000621800000| Complete 
| 125|0x0000000621c00000, 0x0000000622000000, 0x0000000622000000|100%| E|CS|TAMS 0x0000000621c00000, 0x0000000621c00000| Complete 
| 126|0x0000000622000000, 0x0000000622400000, 0x0000000622400000|100%| E|CS|TAMS 0x0000000622000000, 0x0000000622000000| Complete 
| 127|0x0000000622400000, 0x0000000622800000, 0x0000000622800000|100%| E|CS|TAMS 0x0000000622400000, 0x0000000622400000| Complete 

Card table byte_map: [0x0000018698ac0000,0x0000018699ab0000] _byte_map_base: 0x0000018695aac000

Marking Bits (Prev, Next): (CMBitMap*) 0x0000018682fdc860, (CMBitMap*) 0x0000018682fdc8a0
 Prev Bits: [0x000001869aaa0000, 0x00000186a2a00000)
 Next Bits: [0x00000186a2a00000, 0x00000186aa960000)

Polling page: 0x0000018683040000

Metaspace:

Usage:
  Non-class:     18.04 MB used.
      Class:      1.92 MB used.
       Both:     19.96 MB used.

Virtual space:
  Non-class space:       24.00 MB reserved,      18.12 MB ( 76%) committed,  3 nodes.
      Class space:        1.00 GB reserved,       2.00 MB ( <1%) committed,  1 nodes.
             Both:        1.02 GB reserved,      20.12 MB (  2%) committed. 

Chunk freelists:
   Non-Class:  1.88 MB
       Class:  1.94 MB
        Both:  3.82 MB

MaxMetaspaceSize: unlimited
CompressedClassSpaceSize: 1.00 GB
Initial GC threshold: 21.00 MB
Current GC threshold: 21.00 MB
CDS: off
MetaspaceReclaimPolicy: balanced
 - commit_granule_bytes: 65536.
 - commit_granule_words: 8192.
 - virtual_space_node_default_size: 1048576.
 - enlarge_chunks_in_place: 1.
 - new_chunks_are_fully_committed: 0.
 - uncommit_free_chunks: 1.
 - use_allocation_guard: 0.
 - handle_deallocations: 1.


Internal statistics:

num_allocs_failed_limit: 0.
num_arena_births: 68.
num_arena_deaths: 0.
num_vsnodes_births: 4.
num_vsnodes_deaths: 0.
num_space_committed: 322.
num_space_uncommitted: 0.
num_chunks_returned_to_freelist: 0.
num_chunks_taken_from_freelist: 285.
num_chunk_merges: 0.
num_chunk_splits: 171.
num_chunks_enlarged: 130.
num_purges: 0.
num_inconsistent_stats: 0.

CodeHeap 'non-profiled nmethods': size=120000Kb used=1064Kb max_used=1064Kb free=118935Kb
 bounds [0x000001868f900000, 0x000001868fb70000, 0x0000018696e30000]
CodeHeap 'profiled nmethods': size=120000Kb used=3808Kb max_used=3808Kb free=116191Kb
 bounds [0x00000186883d0000, 0x0000018688790000, 0x000001868f900000]
CodeHeap 'non-nmethods': size=5760Kb used=1296Kb max_used=1382Kb free=4463Kb
 bounds [0x0000018687e30000, 0x00000186880a0000, 0x00000186883d0000]
 total_blobs=2329 nmethods=1796 adapters=446
 compilation: enabled
              stopped_count=0, restarted_count=0
 full_count=0

Compilation events (20 events):
Event: 167.376 Thread 0x00000186ae0b1360 1788       4       java.lang.Integer::parseInt (7 bytes)
Event: 167.379 Thread 0x00000186ae0b1360 nmethod 1788 0x000001868f9e8290 code [0x000001868f9e8440, 0x000001868f9e88b8]
Event: 194.343 Thread 0x00000186ae0b1360 1789       4       sun.util.locale.provider.LocaleProviderAdapter::getAdapter (177 bytes)
Event: 194.353 Thread 0x00000186ae0b1360 nmethod 1789 0x000001868f9e8d90 code [0x000001868f9e8f80, 0x000001868f9e97b0]
Event: 194.773 Thread 0x00000186ae0b1360 1790       4       java.text.SimpleDateFormat::encode (95 bytes)
Event: 194.781 Thread 0x00000186ae0b1360 nmethod 1790 0x000001868f9ea010 code [0x000001868f9ea1c0, 0x000001868f9ea948]
Event: 199.323 Thread 0x00000186ae0b1360 1791       4       java.util.Calendar::checkDisplayNameParams (67 bytes)
Event: 199.324 Thread 0x00000186ae0b1360 nmethod 1791 0x000001868f9eae10 code [0x000001868f9eafa0, 0x000001868f9eb178]
Event: 200.296 Thread 0x00000186ae0b1360 1792       4       java.text.SimpleDateFormat::compile (674 bytes)
Event: 200.324 Thread 0x00000186ae0b1360 nmethod 1792 0x000001868f9eb310 code [0x000001868f9eb560, 0x000001868f9ed7b0]
Event: 231.701 Thread 0x00000186ae0b1360 1793       4       java.text.SimpleDateFormat::subFormat (1264 bytes)
Event: 231.894 Thread 0x00000186ae0b1360 nmethod 1793 0x000001868f9eec10 code [0x000001868f9ef180, 0x000001868f9fb2e8]
Event: 231.894 Thread 0x00000186ae0b1360 1794       4       java.util.Calendar::getDisplayName (165 bytes)
Event: 231.907 Thread 0x00000186ae0b1360 nmethod 1794 0x000001868fa00e10 code [0x000001868fa01060, 0x000001868fa02420]
Event: 231.907 Thread 0x00000186ae0b1360 1795   !   4       java.text.SimpleDateFormat::zeroPaddingNumber (270 bytes)
Event: 231.949 Thread 0x00000186ae0b1360 nmethod 1795 0x000001868fa03510 code [0x000001868fa03800, 0x000001868fa083a0]
Event: 236.360 Thread 0x00000186ae0b1360 1796       4       java.text.DontCareFieldPosition$1::formatted (1 bytes)
Event: 236.361 Thread 0x00000186ae0b1360 nmethod 1796 0x000001868fa09f90 code [0x000001868fa0a100, 0x000001868fa0a178]
Event: 270.070 Thread 0x00000186ae0b1e00 1797       3       java.lang.StringUTF16::hashCode (33 bytes)
Event: 270.070 Thread 0x00000186ae0b1e00 nmethod 1797 0x0000018688787d90 code [0x0000018688787f20, 0x00000186887880d8]

GC Heap History (4 events):
Event: 2.506 GC heap before
{Heap before GC invocations=0 (full 0):
 garbage-first heap   total 524288K, used 24576K [0x0000000602800000, 0x0000000800000000)
  region size 4096K, 6 young (24576K), 0 survivors (0K)
 Metaspace       used 13318K, committed 13440K, reserved 1064960K
  class space    used 1173K, committed 1216K, reserved 1048576K
}
Event: 2.508 GC heap after
{Heap after GC invocations=1 (full 0):
 garbage-first heap   total 524288K, used 3699K [0x0000000602800000, 0x0000000800000000)
  region size 4096K, 1 young (4096K), 1 survivors (4096K)
 Metaspace       used 13318K, committed 13440K, reserved 1064960K
  class space    used 1173K, committed 1216K, reserved 1048576K
}
Event: 2.822 GC heap before
{Heap before GC invocations=1 (full 0):
 garbage-first heap   total 524288K, used 28275K [0x0000000602800000, 0x0000000800000000)
  region size 4096K, 7 young (28672K), 1 survivors (4096K)
 Metaspace       used 19660K, committed 19904K, reserved 1073152K
  class space    used 1900K, committed 2048K, reserved 1048576K
}
Event: 2.824 GC heap after
{Heap after GC invocations=2 (full 0):
 garbage-first heap   total 524288K, used 4925K [0x0000000602800000, 0x0000000800000000)
  region size 4096K, 1 young (4096K), 1 survivors (4096K)
 Metaspace       used 19660K, committed 19904K, reserved 1073152K
  class space    used 1900K, committed 2048K, reserved 1048576K
}

Deoptimization events (20 events):
Event: 6.102 Thread 0x0000018682f672e0 Uncommon trap: trap_request=0xffffffde fr.pc=0x000001868f9a95a0 relative=0x0000000000000200
Event: 6.102 Thread 0x0000018682f672e0 Uncommon trap: reason=class_check action=maybe_recompile pc=0x000001868f9a95a0 method=java.util.regex.Matcher.getTextLength()I @ 4 c2
Event: 6.102 Thread 0x0000018682f672e0 DEOPT PACKING pc=0x000001868f9a95a0 sp=0x00000045420fed60
Event: 6.102 Thread 0x0000018682f672e0 DEOPT UNPACKING pc=0x0000018687e823a3 sp=0x00000045420feca0 mode 2
Event: 8.071 Thread 0x0000018682f672e0 Uncommon trap: trap_request=0xffffffde fr.pc=0x000001868f9a95a0 relative=0x0000000000000200
Event: 8.071 Thread 0x0000018682f672e0 Uncommon trap: reason=class_check action=maybe_recompile pc=0x000001868f9a95a0 method=java.util.regex.Matcher.getTextLength()I @ 4 c2
Event: 8.071 Thread 0x0000018682f672e0 DEOPT PACKING pc=0x000001868f9a95a0 sp=0x00000045420fed60
Event: 8.071 Thread 0x0000018682f672e0 DEOPT UNPACKING pc=0x0000018687e823a3 sp=0x00000045420feca0 mode 2
Event: 8.071 Thread 0x0000018682f672e0 Uncommon trap: trap_request=0xffffffde fr.pc=0x000001868f9a95a0 relative=0x0000000000000200
Event: 8.071 Thread 0x0000018682f672e0 Uncommon trap: reason=class_check action=maybe_recompile pc=0x000001868f9a95a0 method=java.util.regex.Matcher.getTextLength()I @ 4 c2
Event: 8.071 Thread 0x0000018682f672e0 DEOPT PACKING pc=0x000001868f9a95a0 sp=0x00000045420fed60
Event: 8.071 Thread 0x0000018682f672e0 DEOPT UNPACKING pc=0x0000018687e823a3 sp=0x00000045420feca0 mode 2
Event: 8.071 Thread 0x0000018682f672e0 Uncommon trap: trap_request=0xffffffde fr.pc=0x000001868f9acdc0 relative=0x00000000000006a0
Event: 8.071 Thread 0x0000018682f672e0 Uncommon trap: reason=class_check action=maybe_recompile pc=0x000001868f9acdc0 method=java.util.regex.Matcher.search(I)Z @ 121 c2
Event: 8.071 Thread 0x0000018682f672e0 DEOPT PACKING pc=0x000001868f9acdc0 sp=0x00000045420fed40
Event: 8.071 Thread 0x0000018682f672e0 DEOPT UNPACKING pc=0x0000018687e823a3 sp=0x00000045420fed00 mode 2
Event: 8.071 Thread 0x0000018682f672e0 Uncommon trap: trap_request=0xffffffde fr.pc=0x000001868f9a95a0 relative=0x0000000000000200
Event: 8.071 Thread 0x0000018682f672e0 Uncommon trap: reason=class_check action=maybe_recompile pc=0x000001868f9a95a0 method=java.util.regex.Matcher.getTextLength()I @ 4 c2
Event: 8.071 Thread 0x0000018682f672e0 DEOPT PACKING pc=0x000001868f9a95a0 sp=0x00000045420fed60
Event: 8.071 Thread 0x0000018682f672e0 DEOPT UNPACKING pc=0x0000018687e823a3 sp=0x00000045420feca0 mode 2

Classes unloaded (0 events):
No events

Classes redefined (3 events):
Event: 121.824 Thread 0x00000186ad689d10 redefined class name=kh.study.cjy.control.UserControl, count=1
Event: 181.394 Thread 0x00000186ad689d10 redefined class name=kh.study.cjy.control.SelfStudyControl, count=1
Event: 270.074 Thread 0x00000186ad689d10 redefined class name=kh.study.cjy.view.View, count=1

Internal exceptions (17 events):
Event: 2.407 Thread 0x0000018682f672e0 Exception <a 'java/lang/NoSuchMethodError'{0x000000062196f2a0}: 'java.lang.Object java.lang.invoke.DirectMethodHandle$Holder.invokeStaticInit(java.lang.Object)'> (0x000000062196f2a0) 
thrown [e:\jenkins\tmp\workspace\build\src\src\hotspot\share\interpreter\linkResolver.cpp, line 766]
Event: 2.408 Thread 0x0000018682f672e0 Exception <a 'java/lang/NoSuchMethodError'{0x0000000621976228}: 'java.lang.Object java.lang.invoke.DirectMethodHandle$Holder.invokeInterface(java.lang.Object, java.lang.Object)'> (0x0000000621976228) 
thrown [e:\jenkins\tmp\workspace\build\src\src\hotspot\share\interpreter\linkResolver.cpp, line 766]
Event: 2.424 Thread 0x0000018682f672e0 Exception <a 'java/lang/NoSuchMethodError'{0x0000000621a26320}: 'void java.lang.invoke.DirectMethodHandle$Holder.invokeSpecial(java.lang.Object, java.lang.Object, java.lang.Object)'> (0x0000000621a26320) 
thrown [e:\jenkins\tmp\workspace\build\src\src\hotspot\share\interpreter\linkResolver.cpp, line 766]
Event: 2.425 Thread 0x0000018682f672e0 Exception <a 'java/lang/NoSuchMethodError'{0x0000000621a2d9b0}: 'void java.lang.invoke.DirectMethodHandle$Holder.invokeStatic(java.lang.Object, java.lang.Object, java.lang.Object)'> (0x0000000621a2d9b0) 
thrown [e:\jenkins\tmp\workspace\build\src\src\hotspot\share\interpreter\linkResolver.cpp, line 766]
Event: 2.426 Thread 0x0000018682f672e0 Exception <a 'java/lang/NoSuchMethodError'{0x0000000621a392b8}: 'java.lang.Object java.lang.invoke.DirectMethodHandle$Holder.invokeVirtual(java.lang.Object, java.lang.Object, java.lang.Object)'> (0x0000000621a392b8) 
thrown [e:\jenkins\tmp\workspace\build\src\src\hotspot\share\interpreter\linkResolver.cpp, line 766]
Event: 2.532 Thread 0x0000018682f672e0 Exception <a 'java/lang/NoSuchMethodError'{0x0000000622683618}: 'void java.lang.invoke.DirectMethodHandle$Holder.invokeStatic(java.lang.Object, java.lang.Object)'> (0x0000000622683618) 
thrown [e:\jenkins\tmp\workspace\build\src\src\hotspot\share\interpreter\linkResolver.cpp, line 766]
Event: 2.601 Thread 0x0000018682f672e0 Exception <a 'java/lang/NoSuchMethodError'{0x0000000621eb56d0}: 'void java.lang.invoke.DirectMethodHandle$Holder.invokeStaticInit(java.lang.Object, java.lang.Object)'> (0x0000000621eb56d0) 
thrown [e:\jenkins\tmp\workspace\build\src\src\hotspot\share\interpreter\linkResolver.cpp, line 766]
Event: 2.618 Thread 0x0000018682f672e0 Exception <a 'sun/nio/fs/WindowsException'{0x0000000621ff4d80}> (0x0000000621ff4d80) 
thrown [e:\jenkins\tmp\workspace\build\src\src\hotspot\share\prims\jni.cpp, line 516]
Event: 2.627 Thread 0x0000018682f672e0 Exception <a 'java/lang/NoSuchMethodError'{0x0000000621851be8}: 'int java.lang.invoke.DirectMethodHandle$Holder.invokeStaticInit(java.lang.Object, java.lang.Object, java.lang.Object, java.lang.Object)'> (0x0000000621851be8) 
thrown [e:\jenkins\tmp\workspace\build\src\src\hotspot\share\interpreter\linkResolver.cpp, line 766]
Event: 2.628 Thread 0x0000018682f672e0 Exception <a 'java/lang/IncompatibleClassChangeError'{0x000000062185ad78}: Found class java.lang.Object, but interface was expected> (0x000000062185ad78) 
thrown [e:\jenkins\tmp\workspace\build\src\src\hotspot\share\interpreter\linkResolver.cpp, line 833]
Event: 2.629 Thread 0x0000018682f672e0 Exception <a 'java/lang/NoSuchMethodError'{0x0000000621861678}: 'int java.lang.invoke.DirectMethodHandle$Holder.invokeStaticInit(java.lang.Object, java.lang.Object)'> (0x0000000621861678) 
thrown [e:\jenkins\tmp\workspace\build\src\src\hotspot\share\interpreter\linkResolver.cpp, line 766]
Event: 2.653 Thread 0x0000018682f672e0 Exception <a 'java/lang/NoSuchMethodError'{0x0000000621a4f660}: 'java.lang.Object java.lang.invoke.DirectMethodHandle$Holder.invokeStaticInit(java.lang.Object, int, int, int, int)'> (0x0000000621a4f660) 
thrown [e:\jenkins\tmp\workspace\build\src\src\hotspot\share\interpreter\linkResolver.cpp, line 766]
Event: 2.691 Thread 0x0000018682f672e0 Exception <a 'java/lang/NoSuchMethodError'{0x0000000621af4a18}: 'java.lang.Object java.lang.invoke.DirectMethodHandle$Holder.invokeStaticInit(java.lang.Object, java.lang.Object, int, int, int, int)'> (0x0000000621af4a18) 
thrown [e:\jenkins\tmp\workspace\build\src\src\hotspot\share\interpreter\linkResolver.cpp, line 766]
Event: 2.730 Thread 0x0000018682f672e0 Exception <a 'java/lang/NoSuchMethodError'{0x0000000621644338}: 'int java.lang.invoke.DirectMethodHandle$Holder.invokeSpecial(java.lang.Object, java.lang.Object, java.lang.Object)'> (0x0000000621644338) 
thrown [e:\jenkins\tmp\workspace\build\src\src\hotspot\share\interpreter\linkResolver.cpp, line 766]
Event: 2.816 Thread 0x0000018682f672e0 Exception <a 'java/lang/NoSuchMethodError'{0x0000000621385198}: 'void java.lang.invoke.DirectMethodHandle$Holder.invokeStatic(java.lang.Object, java.lang.Object, java.lang.Object, java.lang.Object)'> (0x0000000621385198) 
thrown [e:\jenkins\tmp\workspace\build\src\src\hotspot\share\interpreter\linkResolver.cpp, line 766]
Event: 2.832 Thread 0x0000018682f672e0 Exception <a 'java/lang/NoSuchMethodError'{0x00000006224a33d8}: 'void java.lang.invoke.DirectMethodHandle$Holder.invokeInterface(java.lang.Object, java.lang.Object, java.lang.Object, java.lang.Object)'> (0x00000006224a33d8) 
thrown [e:\jenkins\tmp\workspace\build\src\src\hotspot\share\interpreter\linkResolver.cpp, line 766]
Event: 38.434 Thread 0x0000018682f672e0 Exception <a 'java/lang/NullPointerException'{0x00000006221cb3a8}> (0x00000006221cb3a8) 
thrown [e:\jenkins\tmp\workspace\build\src\src\hotspot\share\interpreter\linkResolver.cpp, line 1357]

VM Operations (20 events):
Event: 46.905 Executing VM operation: ChangeSingleStep
Event: 46.905 Executing VM operation: ChangeSingleStep done
Event: 46.905 Executing VM operation: get/set locals
Event: 46.905 Executing VM operation: get/set locals done
Event: 46.907 Executing VM operation: ChangeSingleStep
Event: 46.907 Executing VM operation: ChangeSingleStep done
Event: 46.908 Executing VM operation: get/set locals
Event: 46.908 Executing VM operation: get/set locals done
Event: 71.094 Executing VM operation: ChangeBreakpoints
Event: 71.095 Executing VM operation: ChangeBreakpoints done
Event: 76.105 Executing VM operation: ChangeBreakpoints
Event: 76.106 Executing VM operation: ChangeBreakpoints done
Event: 121.805 Executing VM operation: ChangeBreakpoints
Event: 121.805 Executing VM operation: ChangeBreakpoints done
Event: 121.822 Executing VM operation: RedefineClasses
Event: 121.828 Executing VM operation: RedefineClasses done
Event: 181.392 Executing VM operation: RedefineClasses
Event: 181.397 Executing VM operation: RedefineClasses done
Event: 270.071 Executing VM operation: RedefineClasses
Event: 270.078 Executing VM operation: RedefineClasses done

Events (20 events):
Event: 6.078 loading class java/util/TimerTask
Event: 6.078 loading class java/util/TimerTask done
Event: 6.079 loading class java/util/concurrent/atomic/AtomicBoolean
Event: 6.079 loading class java/util/concurrent/atomic/AtomicBoolean done
Event: 6.080 loading class java/util/NoSuchElementException
Event: 6.080 loading class java/util/NoSuchElementException done
Event: 6.094 loading class java/time/format/DateTimeParseException
Event: 6.094 loading class java/time/DateTimeException
Event: 6.094 loading class java/time/DateTimeException done
Event: 6.094 loading class java/time/format/DateTimeParseException done
Event: 46.908 loading class java/lang/Throwable$WrappedPrintStream
Event: 46.908 loading class java/lang/Throwable$PrintStreamOrWriter
Event: 46.908 loading class java/lang/Throwable$PrintStreamOrWriter done
Event: 46.908 loading class java/lang/Throwable$WrappedPrintStream done
Event: 46.909 loading class java/util/IdentityHashMap$KeyIterator
Event: 46.910 loading class java/util/IdentityHashMap$IdentityHashMapIterator
Event: 46.910 loading class java/util/IdentityHashMap$IdentityHashMapIterator done
Event: 46.910 loading class java/util/IdentityHashMap$KeyIterator done
Event: 46.910 Thread 0x0000018682f672e0 Thread exited: 0x0000018682f672e0
Event: 46.910 Thread 0x00000186ae2355f0 Thread added: 0x00000186ae2355f0


Dynamic libraries:
0x00007ff668230000 - 0x00007ff66823e000 	C:\dev\eclipse-jee-2022-03-R-win32-x86_64\eclipse\plugins\org.eclipse.justj.openjdk.hotspot.jre.full.win32.x86_64_17.0.2.v20220201-1208\jre\bin\javaw.exe
0x00007ffe606f0000 - 0x00007ffe608e8000 	C:\Windows\SYSTEM32\ntdll.dll
0x00007ffe5f9a0000 - 0x00007ffe5fa61000 	C:\Windows\System32\KERNEL32.DLL
0x00007ffe5e070000 - 0x00007ffe5e366000 	C:\Windows\System32\KERNELBASE.dll
0x00007ffe5dda0000 - 0x00007ffe5dea0000 	C:\Windows\System32\ucrtbase.dll
0x00007ffe5ad00000 - 0x00007ffe5ad18000 	C:\dev\eclipse-jee-2022-03-R-win32-x86_64\eclipse\plugins\org.eclipse.justj.openjdk.hotspot.jre.full.win32.x86_64_17.0.2.v20220201-1208\jre\bin\jli.dll
0x00007ffe2e890000 - 0x00007ffe2e8a9000 	C:\dev\eclipse-jee-2022-03-R-win32-x86_64\eclipse\plugins\org.eclipse.justj.openjdk.hotspot.jre.full.win32.x86_64_17.0.2.v20220201-1208\jre\bin\VCRUNTIME140.dll
0x00007ffe5fae0000 - 0x00007ffe5fc7f000 	C:\Windows\System32\USER32.dll
0x00007ffe5e3a0000 - 0x00007ffe5e3c2000 	C:\Windows\System32\win32u.dll
0x00007ffe3b4c0000 - 0x00007ffe3b75a000 	C:\Windows\WinSxS\amd64_microsoft.windows.common-controls_6595b64144ccf1df_6.0.19041.4355_none_60b8b9eb71f62e16\COMCTL32.dll
0x00007ffe5e800000 - 0x00007ffe5e82b000 	C:\Windows\System32\GDI32.dll
0x00007ffe605a0000 - 0x00007ffe6063e000 	C:\Windows\System32\msvcrt.dll
0x00007ffe5e3d0000 - 0x00007ffe5e4e7000 	C:\Windows\System32\gdi32full.dll
0x00007ffe5e630000 - 0x00007ffe5e6cd000 	C:\Windows\System32\msvcp_win.dll
0x00007ffe60400000 - 0x00007ffe6042f000 	C:\Windows\System32\IMM32.DLL
0x00007ffe31130000 - 0x00007ffe3113c000 	C:\dev\eclipse-jee-2022-03-R-win32-x86_64\eclipse\plugins\org.eclipse.justj.openjdk.hotspot.jre.full.win32.x86_64_17.0.2.v20220201-1208\jre\bin\vcruntime140_1.dll
0x00007ffe520a0000 - 0x00007ffe52131000 	C:\dev\eclipse-jee-2022-03-R-win32-x86_64\eclipse\plugins\org.eclipse.justj.openjdk.hotspot.jre.full.win32.x86_64_17.0.2.v20220201-1208\jre\bin\msvcp140.dll
0x00007ffdeb9b0000 - 0x00007ffdec5f7000 	C:\dev\eclipse-jee-2022-03-R-win32-x86_64\eclipse\plugins\org.eclipse.justj.openjdk.hotspot.jre.full.win32.x86_64_17.0.2.v20220201-1208\jre\bin\server\jvm.dll
0x00007ffe60170000 - 0x00007ffe60220000 	C:\Windows\System32\ADVAPI32.dll
0x00007ffe5eb00000 - 0x00007ffe5eba0000 	C:\Windows\System32\sechost.dll
0x00007ffe60220000 - 0x00007ffe60343000 	C:\Windows\System32\RPCRT4.dll
0x00007ffe5e370000 - 0x00007ffe5e397000 	C:\Windows\System32\bcrypt.dll
0x00007ffe5e890000 - 0x00007ffe5e898000 	C:\Windows\System32\PSAPI.DLL
0x00007ffe3fc20000 - 0x00007ffe3fc47000 	C:\Windows\SYSTEM32\WINMM.dll
0x00007ffe31140000 - 0x00007ffe31149000 	C:\Windows\SYSTEM32\WSOCK32.dll
0x00007ffe58f70000 - 0x00007ffe58f7a000 	C:\Windows\SYSTEM32\VERSION.dll
0x00007ffe60640000 - 0x00007ffe606ab000 	C:\Windows\System32\WS2_32.dll
0x00007ffe5bc00000 - 0x00007ffe5bc12000 	C:\Windows\SYSTEM32\kernel.appcore.dll
0x00007ffe30910000 - 0x00007ffe3091a000 	C:\dev\eclipse-jee-2022-03-R-win32-x86_64\eclipse\plugins\org.eclipse.justj.openjdk.hotspot.jre.full.win32.x86_64_17.0.2.v20220201-1208\jre\bin\jimage.dll
0x00007ffe584b0000 - 0x00007ffe58694000 	C:\Windows\SYSTEM32\DBGHELP.DLL
0x00007ffe58080000 - 0x00007ffe580b4000 	C:\Windows\SYSTEM32\dbgcore.DLL
0x00007ffe5e5a0000 - 0x00007ffe5e622000 	C:\Windows\System32\bcryptPrimitives.dll
0x00007ffe574b0000 - 0x00007ffe574eb000 	C:\dev\eclipse-jee-2022-03-R-win32-x86_64\eclipse\plugins\org.eclipse.justj.openjdk.hotspot.jre.full.win32.x86_64_17.0.2.v20220201-1208\jre\bin\jdwp.dll
0x00007ffe58cf0000 - 0x00007ffe58cfe000 	C:\dev\eclipse-jee-2022-03-R-win32-x86_64\eclipse\plugins\org.eclipse.justj.openjdk.hotspot.jre.full.win32.x86_64_17.0.2.v20220201-1208\jre\bin\instrument.dll
0x00007ffe21cd0000 - 0x00007ffe21cf5000 	C:\dev\eclipse-jee-2022-03-R-win32-x86_64\eclipse\plugins\org.eclipse.justj.openjdk.hotspot.jre.full.win32.x86_64_17.0.2.v20220201-1208\jre\bin\java.dll
0x00007ffe21cb0000 - 0x00007ffe21cc8000 	C:\dev\eclipse-jee-2022-03-R-win32-x86_64\eclipse\plugins\org.eclipse.justj.openjdk.hotspot.jre.full.win32.x86_64_17.0.2.v20220201-1208\jre\bin\zip.dll
0x00007ffe5f160000 - 0x00007ffe5f8cc000 	C:\Windows\System32\SHELL32.dll
0x00007ffe5be00000 - 0x00007ffe5c59e000 	C:\Windows\SYSTEM32\windows.storage.dll
0x00007ffe5ebc0000 - 0x00007ffe5ef13000 	C:\Windows\System32\combase.dll
0x00007ffe5d610000 - 0x00007ffe5d63e000 	C:\Windows\SYSTEM32\Wldp.dll
0x00007ffe5f8d0000 - 0x00007ffe5f99d000 	C:\Windows\System32\OLEAUT32.dll
0x00007ffe604f0000 - 0x00007ffe6059d000 	C:\Windows\System32\SHCORE.dll
0x00007ffe5e830000 - 0x00007ffe5e885000 	C:\Windows\System32\shlwapi.dll
0x00007ffe5dcd0000 - 0x00007ffe5dcf4000 	C:\Windows\SYSTEM32\profapi.dll
0x00007ffe58b60000 - 0x00007ffe58b6c000 	C:\dev\eclipse-jee-2022-03-R-win32-x86_64\eclipse\plugins\org.eclipse.justj.openjdk.hotspot.jre.full.win32.x86_64_17.0.2.v20220201-1208\jre\bin\dt_socket.dll
0x00007ffe5d0f0000 - 0x00007ffe5d12b000 	C:\Windows\SYSTEM32\IPHLPAPI.DLL
0x00007ffe5d3f0000 - 0x00007ffe5d45a000 	C:\Windows\system32\mswsock.dll
0x00007ffe5d130000 - 0x00007ffe5d1fa000 	C:\Windows\SYSTEM32\DNSAPI.dll
0x00007ffe5eaf0000 - 0x00007ffe5eaf8000 	C:\Windows\System32\NSI.dll
0x00007ffe56b40000 - 0x00007ffe56b4a000 	C:\Windows\System32\rasadhlp.dll
0x00007ffe56e00000 - 0x00007ffe56e80000 	C:\Windows\System32\fwpuclnt.dll
0x00007ffe21c90000 - 0x00007ffe21ca9000 	C:\dev\eclipse-jee-2022-03-R-win32-x86_64\eclipse\plugins\org.eclipse.justj.openjdk.hotspot.jre.full.win32.x86_64_17.0.2.v20220201-1208\jre\bin\net.dll
0x00007ffe58760000 - 0x00007ffe5886a000 	C:\Windows\SYSTEM32\WINHTTP.dll
0x00007ffe21b90000 - 0x00007ffe21ba5000 	C:\dev\eclipse-jee-2022-03-R-win32-x86_64\eclipse\plugins\org.eclipse.justj.openjdk.hotspot.jre.full.win32.x86_64_17.0.2.v20220201-1208\jre\bin\nio.dll
0x00007ffe30800000 - 0x00007ffe30810000 	C:\dev\eclipse-jee-2022-03-R-win32-x86_64\eclipse\plugins\org.eclipse.justj.openjdk.hotspot.jre.full.win32.x86_64_17.0.2.v20220201-1208\jre\bin\verify.dll
0x00007ffe5d650000 - 0x00007ffe5d668000 	C:\Windows\SYSTEM32\CRYPTSP.dll
0x00007ffe5cd30000 - 0x00007ffe5cd64000 	C:\Windows\system32\rsaenh.dll
0x00007ffe5dc80000 - 0x00007ffe5dcae000 	C:\Windows\SYSTEM32\USERENV.dll
0x00007ffe5d580000 - 0x00007ffe5d58c000 	C:\Windows\SYSTEM32\CRYPTBASE.dll
0x00007ffe59fc0000 - 0x00007ffe59fd7000 	C:\Windows\SYSTEM32\dhcpcsvc6.DLL
0x00007ffe59750000 - 0x00007ffe5976d000 	C:\Windows\SYSTEM32\dhcpcsvc.DLL
0x00007ffe5b400000 - 0x00007ffe5b40e000 	C:\dev\eclipse-jee-2022-03-R-win32-x86_64\eclipse\plugins\org.eclipse.justj.openjdk.hotspot.jre.full.win32.x86_64_17.0.2.v20220201-1208\jre\bin\sunmscapi.dll
0x00007ffe5dea0000 - 0x00007ffe5dffe000 	C:\Windows\System32\CRYPT32.dll
0x00007ffe5d7b0000 - 0x00007ffe5d7d9000 	C:\Windows\SYSTEM32\ncrypt.dll
0x00007ffe5d770000 - 0x00007ffe5d7ab000 	C:\Windows\SYSTEM32\NTASN1.dll

dbghelp: loaded successfully - version: 4.0.5 - missing functions: none
symbol engine: initialized successfully - sym options: 0x614 - pdb path: .;C:\dev\eclipse-jee-2022-03-R-win32-x86_64\eclipse\plugins\org.eclipse.justj.openjdk.hotspot.jre.full.win32.x86_64_17.0.2.v20220201-1208\jre\bin;C:\Windows\SYSTEM32;C:\Windows\WinSxS\amd64_microsoft.windows.common-controls_6595b64144ccf1df_6.0.19041.4355_none_60b8b9eb71f62e16;C:\dev\eclipse-jee-2022-03-R-win32-x86_64\eclipse\plugins\org.eclipse.justj.openjdk.hotspot.jre.full.win32.x86_64_17.0.2.v20220201-1208\jre\bin\server

VM Arguments:
jvm_args: -XX:+ShowCodeDetailsInExceptionMessages -agentlib:jdwp=transport=dt_socket,suspend=y,address=localhost:57149 -javaagent:C:\dev\eclipse-jee-2022-03-R-win32-x86_64\eclipse\configuration\org.eclipse.osgi\422\0\.cp\lib\javaagent-shaded.jar -Dfile.encoding=UTF-8 
java_command: kh.study.cjy.run.Run
java_class_path (initial): D:\workspace\project\1_java\SelfStudy\bin;D:\workspace\project\mysql-connector-j-8.4.0\mysql-connector-j-8.4.0\mysql-connector-j-8.4.0.jar
Launcher Type: SUN_STANDARD

[Global flags]
     intx CICompilerCount                          = 4                                         {product} {ergonomic}
     uint ConcGCThreads                            = 3                                         {product} {ergonomic}
     uint G1ConcRefinementThreads                  = 10                                        {product} {ergonomic}
   size_t G1HeapRegionSize                         = 4194304                                   {product} {ergonomic}
    uintx GCDrainStackTargetSize                   = 64                                        {product} {ergonomic}
   size_t InitialHeapSize                          = 536870912                                 {product} {ergonomic}
   size_t MarkStackSize                            = 4194304                                   {product} {ergonomic}
   size_t MaxHeapSize                              = 8547991552                                {product} {ergonomic}
   size_t MaxNewSize                               = 5125439488                                {product} {ergonomic}
   size_t MinHeapDeltaBytes                        = 4194304                                   {product} {ergonomic}
   size_t MinHeapSize                              = 8388608                                   {product} {ergonomic}
    uintx NonNMethodCodeHeapSize                   = 5839372                                {pd product} {ergonomic}
    uintx NonProfiledCodeHeapSize                  = 122909434                              {pd product} {ergonomic}
    uintx ProfiledCodeHeapSize                     = 122909434                              {pd product} {ergonomic}
    uintx ReservedCodeCacheSize                    = 251658240                              {pd product} {ergonomic}
     bool SegmentedCodeCache                       = true                                      {product} {ergonomic}
     bool ShowCodeDetailsInExceptionMessages       = true                                   {manageable} {command line}
   size_t SoftMaxHeapSize                          = 8547991552                             {manageable} {ergonomic}
     bool UseCompressedClassPointers               = true                           {product lp64_product} {ergonomic}
     bool UseCompressedOops                        = true                           {product lp64_product} {ergonomic}
     bool UseG1GC                                  = true                                      {product} {ergonomic}
     bool UseLargePagesIndividualAllocation        = false                                  {pd product} {ergonomic}

Logging:
Log output configuration:
 #0: stdout all=warning uptime,level,tags
 #1: stderr all=off uptime,level,tags

Environment Variables:
JAVA_HOME=C:\Program Files\Java\jdk-17.0.2
PATH=C:\dev\eclipse-jee-2022-03-R-win32-x86_64\eclipse\plugins\org.eclipse.justj.openjdk.hotspot.jre.full.win32.x86_64_17.0.2.v20220201-1208\jre\bin;C:/dev/eclipse-jee-2022-03-R-win32-x86_64/eclipse//plugins/org.eclipse.justj.openjdk.hotspot.jre.full.win32.x86_64_17.0.2.v20220201-1208/jre/bin/server;C:/dev/eclipse-jee-2022-03-R-win32-x86_64/eclipse//plugins/org.eclipse.justj.openjdk.hotspot.jre.full.win32.x86_64_17.0.2.v20220201-1208/jre/bin;C:\Program Files\Common Files\Oracle\Java\javapath;C:\Program Files\Java\jdk-17.0.2\bin;C:\Windows\system32;C:\Windows;C:\Windows\System32\Wbem;C:\Windows\System32\WindowsPowerShell\v1.0\;C:\Windows\System32\OpenSSH\;C:\Program Files\dotnet\;C:\Program Files\Git\cmd;C:\Program Files\Bandizip\;C:\Program Files\Docker\Docker\resources\bin;C:\Users\user1\AppData\Local\Microsoft\WindowsApps;;C:\Program Files\JetBrains\IntelliJ IDEA Community Edition 2024.1.3\bin;;C:\Users\user1\AppData\Local\Programs\Microsoft VS Code\bin;C:\dev\eclipse-jee-2022-03-R-win32-x86_64\eclipse;
USERNAME=user1
OS=Windows_NT
PROCESSOR_IDENTIFIER=Intel64 Family 6 Model 165 Stepping 5, GenuineIntel



---------------  S Y S T E M  ---------------

OS:
 Windows 10 , 64 bit Build 19041 (10.0.19041.4597)
OS uptime: 1 days 3:10 hours
Hyper-V role detected

CPU: total 12 (initial active 12) (6 cores per cpu, 2 threads per core) family 6 model 165 stepping 5 microcode 0xc8, cx8, cmov, fxsr, ht, mmx, 3dnowpref, sse, sse2, sse3, ssse3, sse4.1, sse4.2, popcnt, lzcnt, tsc, tscinvbit, avx, avx2, aes, erms, clmul, bmi1, bmi2, adx, fma, vzeroupper, clflush, clflushopt, hv

Memory: 4k page, system-wide physical 32606M (19419M free)
TotalPageFile size 37470M (AvailPageFile size 21040M)
current process WorkingSet (physical memory assigned to process): 101M, peak: 142M
current process commit charge ("private bytes"): 633M, peak: 677M

vm_info: OpenJDK 64-Bit Server VM (17.0.2+8) for windows-amd64 JRE (17.0.2+8), built on Jan 20 2022 04:52:34 by "" with MS VC++ 16.7 (VS2019)

END.
